<?xml version="1.0" encoding="UTF-8"?><testrun name="Runner" project="WebDriverTestCucumber" tests="3" started="3" failures="0" errors="2" ignored="0">
  <testsuite name="TestRunner.Runner" time="17.184">
    <testsuite name="Feature: Login Functionality" time="17.184">
      <testsuite name="Scenario: Create Login Function" time="17.184" incomplete="true">
        <error>org.openqa.selenium.NoSuchFrameException: No frame element found by name or id mainpanel
Build info: version: '3.8.1', revision: '6e95a6684b', time: '2017-12-01T18:33:54.468Z'
System info: host: 'WW2005176', ip: '10.83.8.192', os.name: 'Windows 8.1', os.arch: 'x86', os.version: '6.3', java.version: '1.8.0_144'
Driver info: driver.version: unknown&#13;
	at org.openqa.selenium.remote.RemoteWebDriver$RemoteTargetLocator.frame(RemoteWebDriver.java:940)&#13;
	at StepDefinition.StepDefinition.CreateDeal(StepDefinition.java:42)&#13;
	at ✽.Given Create a Deal(featurefile.feature:5)&#13;
&#13;
</error>
        <testcase name="Given Enter Username and Password" classname="Scenario: Create Login Function" time="16.579"/>
        <testcase name="Then Login Successfully" classname="Scenario: Create Login Function" time="0.599"/>
        <testcase name="Given Create a Deal" classname="Scenario: Create Login Function" time="0.006">
          <error>org.openqa.selenium.NoSuchFrameException: No frame element found by name or id mainpanel
Build info: version: '3.8.1', revision: '6e95a6684b', time: '2017-12-01T18:33:54.468Z'
System info: host: 'WW2005176', ip: '10.83.8.192', os.name: 'Windows 8.1', os.arch: 'x86', os.version: '6.3', java.version: '1.8.0_144'
Driver info: driver.version: unknown&#13;
	at org.openqa.selenium.remote.RemoteWebDriver$RemoteTargetLocator.frame(RemoteWebDriver.java:940)&#13;
	at StepDefinition.StepDefinition.CreateDeal(StepDefinition.java:42)&#13;
	at ✽.Given Create a Deal(featurefile.feature:5)&#13;
&#13;
</error>
        </testcase>
      </testsuite>
    </testsuite>
  </testsuite>
</testrun>
